<?xml version="1.0" encoding="UTF-8"?>
<!-- Generated by org.testng.reporters.JUnitXMLReporter -->
<testsuite ignored="0" hostname="LAPTOP-D51OIDBI" failures="1" tests="1" name="FireFoxTests" time="31.784" errors="0" timestamp="2023-12-09T12:32:48 IST">
  <testcase classname="testCases.TC_002_AccountRegistrationTest2" name="test_account_registration" time="11.322">
    <failure type="junit.framework.AssertionFailedError">
      <![CDATA[junit.framework.AssertionFailedError
at junit.framework.Assert.fail(Assert.java:55)
at junit.framework.Assert.fail(Assert.java:64)
at testCases.TC_002_AccountRegistrationTest2.test_account_registration(TC_002_AccountRegistrationTest2.java:51)
at java.base/java.util.ArrayList.forEach(ArrayList.java:1511)
at java.base/java.util.concurrent.FutureTask.run(FutureTask.java:264)
at java.base/java.util.concurrent.ThreadPoolExecutor.runWorker(ThreadPoolExecutor.java:1136)
at java.base/java.util.concurrent.ThreadPoolExecutor$Worker.run(ThreadPoolExecutor.java:635)
at java.base/java.lang.Thread.run(Thread.java:833)
... Removed 15 stack frames]]>
    </failure>
  </testcase> <!-- test_account_registration -->
</testsuite> <!-- FireFoxTests -->
