<?xml version="1.0" encoding="UTF-8"?>
<testng-results ignored="0" total="1" passed="1" failed="0" skipped="0">
  <reporter-output>
  </reporter-output>
  <suite started-at="2023-12-10T08:26:11 IST" name="Suite" finished-at="2023-12-10T08:26:34 IST" duration-ms="23373">
    <groups>
      <group name="Master">
        <method signature="TC_003_LoginTest.test_login()[pri:0, instance:testCases.TC_003_LoginTest@6340e5f0]" name="test_login" class="testCases.TC_003_LoginTest"/>
      </group> <!-- Master -->
      <group name="Sanity">
        <method signature="TC_003_LoginTest.test_login()[pri:0, instance:testCases.TC_003_LoginTest@6340e5f0]" name="test_login" class="testCases.TC_003_LoginTest"/>
      </group> <!-- Sanity -->
    </groups>
    <test started-at="2023-12-10T08:26:11 IST" name="Test" finished-at="2023-12-10T08:26:34 IST" duration-ms="23373">
      <class name="testCases.TC_003_LoginTest">
        <test-method is-config="true" signature="setUp(java.lang.String)[pri:0, instance:testCases.TC_003_LoginTest@6340e5f0]" started-at="2023-12-10T08:26:11 IST" name="setUp" finished-at="2023-12-10T08:26:27 IST" duration-ms="16068" status="PASS">
          <params>
            <param index="0">
              <value>
                <![CDATA[chrome]]>
              </value>
            </param>
          </params>
          <reporter-output>
          </reporter-output>
        </test-method> <!-- setUp -->
        <test-method signature="test_login()[pri:0, instance:testCases.TC_003_LoginTest@6340e5f0]" started-at="2023-12-10T08:26:27 IST" name="test_login" finished-at="2023-12-10T08:26:33 IST" duration-ms="5363" status="PASS">
          <reporter-output>
          </reporter-output>
        </test-method> <!-- test_login -->
        <test-method is-config="true" signature="tearDown()[pri:0, instance:testCases.TC_003_LoginTest@6340e5f0]" started-at="2023-12-10T08:26:33 IST" name="tearDown" finished-at="2023-12-10T08:26:34 IST" duration-ms="1410" status="PASS">
          <reporter-output>
          </reporter-output>
        </test-method> <!-- tearDown -->
      </class> <!-- testCases.TC_003_LoginTest -->
    </test> <!-- Test -->
  </suite> <!-- Suite -->
</testng-results>
