<?xml version="1.0" encoding="UTF-8"?>
<testng-results ignored="0" total="1" passed="1" failed="0" skipped="0">
  <reporter-output>
  </reporter-output>
  <suite started-at="2023-12-09T13:24:30 IST" name="Suite" finished-at="2023-12-09T13:24:43 IST" duration-ms="12773">
    <groups>
      <group name="Master">
        <method signature="TC_003_LoginTest.test_login()[pri:0, instance:testCases.TC_003_LoginTest@3a93b025]" name="test_login" class="testCases.TC_003_LoginTest"/>
      </group> <!-- Master -->
      <group name="Sanity">
        <method signature="TC_003_LoginTest.test_login()[pri:0, instance:testCases.TC_003_LoginTest@3a93b025]" name="test_login" class="testCases.TC_003_LoginTest"/>
      </group> <!-- Sanity -->
    </groups>
    <test started-at="2023-12-09T13:24:30 IST" name="Test" finished-at="2023-12-09T13:24:43 IST" duration-ms="12773">
      <class name="testCases.TC_003_LoginTest">
        <test-method is-config="true" signature="setUp(java.lang.String)[pri:0, instance:testCases.TC_003_LoginTest@3a93b025]" started-at="2023-12-09T13:24:30 IST" name="setUp" finished-at="2023-12-09T13:24:40 IST" duration-ms="9373" status="PASS">
          <params>
            <param index="0">
              <value>
                <![CDATA[chrome]]>
              </value>
            </param>
          </params>
          <reporter-output>
          </reporter-output>
        </test-method> <!-- setUp -->
        <test-method signature="test_login()[pri:0, instance:testCases.TC_003_LoginTest@3a93b025]" started-at="2023-12-09T13:24:40 IST" name="test_login" finished-at="2023-12-09T13:24:42 IST" duration-ms="2461" status="PASS">
          <reporter-output>
          </reporter-output>
        </test-method> <!-- test_login -->
        <test-method is-config="true" signature="tearDown()[pri:0, instance:testCases.TC_003_LoginTest@3a93b025]" started-at="2023-12-09T13:24:42 IST" name="tearDown" finished-at="2023-12-09T13:24:43 IST" duration-ms="417" status="PASS">
          <reporter-output>
          </reporter-output>
        </test-method> <!-- tearDown -->
      </class> <!-- testCases.TC_003_LoginTest -->
    </test> <!-- Test -->
  </suite> <!-- Suite -->
</testng-results>
